0 info it worked if it ends with ok
1 verbose cli [ '/nix/store/ma5cl8345g7ljwlmgpawh8mlw59r79d9-nodejs-6.12.2/bin/node',
1 verbose cli   '/run/current-system/sw/bin/npm',
1 verbose cli   'install',
1 verbose cli   '-g',
1 verbose cli   'elm-oracle' ]
2 info using npm@3.10.10
3 info using node@v6.12.2
4 silly loadCurrentTree Starting
5 silly install loadCurrentTree
6 silly install readGlobalPackageData
7 silly fetchPackageMetaData elm-oracle
8 silly fetchNamedPackageData elm-oracle
9 silly mapToRegistry name elm-oracle
10 silly mapToRegistry using default registry
11 silly mapToRegistry registry https://registry.npmjs.org/
12 silly mapToRegistry data Result {
12 silly mapToRegistry   raw: 'elm-oracle',
12 silly mapToRegistry   scope: null,
12 silly mapToRegistry   escapedName: 'elm-oracle',
12 silly mapToRegistry   name: 'elm-oracle',
12 silly mapToRegistry   rawSpec: '',
12 silly mapToRegistry   spec: 'latest',
12 silly mapToRegistry   type: 'tag' }
13 silly mapToRegistry uri https://registry.npmjs.org/elm-oracle
14 verbose request uri https://registry.npmjs.org/elm-oracle
15 verbose request no auth needed
16 info attempt registry request try #1 at 11:14:46 PM
17 verbose request id d7f44fa97313aa61
18 http request GET https://registry.npmjs.org/elm-oracle
19 http 200 https://registry.npmjs.org/elm-oracle
20 verbose headers { 'content-type': 'application/json; charset=UTF-8',
20 verbose headers   server: 'UploadServer',
20 verbose headers   'cache-control': 'max-age=300',
20 verbose headers   'last-modified': 'Fri, 29 Jan 2016 1:45:49 GMT',
20 verbose headers   etag: '"56aac44d-1a83"',
20 verbose headers   'content-encoding': 'gzip',
20 verbose headers   'content-length': '1912',
20 verbose headers   'accept-ranges': 'bytes',
20 verbose headers   date: 'Thu, 18 Jan 2018 21:14:47 GMT',
20 verbose headers   via: '1.1 varnish',
20 verbose headers   age: '0',
20 verbose headers   connection: 'keep-alive',
20 verbose headers   'x-served-by': 'cache-hhn1536-HHN',
20 verbose headers   'x-cache': 'MISS',
20 verbose headers   'x-cache-hits': '0',
20 verbose headers   'x-timer': 'S1516310087.872445,VS0,VE344',
20 verbose headers   vary: 'Accept-Encoding, Accept' }
21 silly get cb [ 200,
21 silly get   { 'content-type': 'application/json; charset=UTF-8',
21 silly get     server: 'UploadServer',
21 silly get     'cache-control': 'max-age=300',
21 silly get     'last-modified': 'Fri, 29 Jan 2016 1:45:49 GMT',
21 silly get     etag: '"56aac44d-1a83"',
21 silly get     'content-encoding': 'gzip',
21 silly get     'content-length': '1912',
21 silly get     'accept-ranges': 'bytes',
21 silly get     date: 'Thu, 18 Jan 2018 21:14:47 GMT',
21 silly get     via: '1.1 varnish',
21 silly get     age: '0',
21 silly get     connection: 'keep-alive',
21 silly get     'x-served-by': 'cache-hhn1536-HHN',
21 silly get     'x-cache': 'MISS',
21 silly get     'x-cache-hits': '0',
21 silly get     'x-timer': 'S1516310087.872445,VS0,VE344',
21 silly get     vary: 'Accept-Encoding, Accept' } ]
22 verbose get saving elm-oracle to /home/anpryl/.npm/registry.npmjs.org/elm-oracle/.cache.json
23 verbose correctMkdir /home/anpryl/.npm correctMkdir not in flight; initializing
24 verbose makeDirectory /home/anpryl/.npm creation not in flight; initializing
25 silly makeDirectory /home/anpryl/.npm uid: 1000 gid: 65534
26 silly install normalizeTree
27 silly loadCurrentTree Finishing
28 silly loadIdealTree Starting
29 silly install loadIdealTree
30 silly cloneCurrentTree Starting
31 silly install cloneCurrentTreeToIdealTree
32 silly cloneCurrentTree Finishing
33 silly loadShrinkwrap Starting
34 silly install loadShrinkwrap
35 silly loadShrinkwrap Finishing
36 silly loadAllDepsIntoIdealTree Starting
37 silly install loadAllDepsIntoIdealTree
38 silly resolveWithNewModule elm-oracle@1.1.1 checking installable status
39 silly cache add args [ 'elm-oracle', null ]
40 verbose cache add spec elm-oracle
41 silly cache add parsed spec Result {
41 silly cache add   raw: 'elm-oracle',
41 silly cache add   scope: null,
41 silly cache add   escapedName: 'elm-oracle',
41 silly cache add   name: 'elm-oracle',
41 silly cache add   rawSpec: '',
41 silly cache add   spec: 'latest',
41 silly cache add   type: 'tag' }
42 silly addNamed elm-oracle@latest
43 verbose addNamed "latest" is being treated as a dist-tag for elm-oracle
44 info addNameTag [ 'elm-oracle', 'latest' ]
45 silly mapToRegistry name elm-oracle
46 silly mapToRegistry using default registry
47 silly mapToRegistry registry https://registry.npmjs.org/
48 silly mapToRegistry data Result {
48 silly mapToRegistry   raw: 'elm-oracle',
48 silly mapToRegistry   scope: null,
48 silly mapToRegistry   escapedName: 'elm-oracle',
48 silly mapToRegistry   name: 'elm-oracle',
48 silly mapToRegistry   rawSpec: '',
48 silly mapToRegistry   spec: 'latest',
48 silly mapToRegistry   type: 'tag' }
49 silly mapToRegistry uri https://registry.npmjs.org/elm-oracle
50 verbose addNameTag registry:https://registry.npmjs.org/elm-oracle not in flight; fetching
51 verbose get https://registry.npmjs.org/elm-oracle not expired, no request
52 silly addNameTag next cb for elm-oracle with tag latest
53 silly addNamed elm-oracle@1.1.1
54 verbose addNamed "1.1.1" is a plain semver version for elm-oracle
55 silly mapToRegistry name elm-oracle
56 silly mapToRegistry using default registry
57 silly mapToRegistry registry https://registry.npmjs.org/
58 silly mapToRegistry data Result {
58 silly mapToRegistry   raw: 'elm-oracle',
58 silly mapToRegistry   scope: null,
58 silly mapToRegistry   escapedName: 'elm-oracle',
58 silly mapToRegistry   name: 'elm-oracle',
58 silly mapToRegistry   rawSpec: '',
58 silly mapToRegistry   spec: 'latest',
58 silly mapToRegistry   type: 'tag' }
59 silly mapToRegistry uri https://registry.npmjs.org/elm-oracle
60 verbose addRemoteTarball https://registry.npmjs.org/elm-oracle/-/elm-oracle-1.1.1.tgz not in flight; adding
61 verbose addRemoteTarball [ 'https://registry.npmjs.org/elm-oracle/-/elm-oracle-1.1.1.tgz',
61 verbose addRemoteTarball   '61f6d783221b4ad08e7d101d678b9d5a67d3961c' ]
62 info retry fetch attempt 1 at 11:14:47 PM
63 info attempt registry request try #1 at 11:14:47 PM
64 http fetch GET https://registry.npmjs.org/elm-oracle/-/elm-oracle-1.1.1.tgz
65 http fetch 200 https://registry.npmjs.org/elm-oracle/-/elm-oracle-1.1.1.tgz
66 silly fetchAndShaCheck shasum 61f6d783221b4ad08e7d101d678b9d5a67d3961c
67 verbose addTmpTarball /tmp/npm-7674-cac56b45/registry.npmjs.org/elm-oracle/-/elm-oracle-1.1.1.tgz not in flight; adding
68 verbose addTmpTarball already have metadata; skipping unpack for elm-oracle@1.1.1
69 verbose correctMkdir /home/anpryl/.npm correctMkdir not in flight; initializing
70 silly cache afterAdd elm-oracle@1.1.1
71 verbose afterAdd /home/anpryl/.npm/elm-oracle/1.1.1/package/package.json not in flight; writing
72 verbose correctMkdir /home/anpryl/.npm correctMkdir not in flight; initializing
73 verbose afterAdd /home/anpryl/.npm/elm-oracle/1.1.1/package/package.json written
74 silly loadAllDepsIntoIdealTree Finishing
75 silly loadIdealTree Finishing
76 silly currentTree lib
77 silly idealTree lib
77 silly idealTree └── elm-oracle@1.1.1
78 silly generateActionsToTake Starting
79 silly install generateActionsToTake
80 warn checkPermissions Missing write access to /nix/store/ma5cl8345g7ljwlmgpawh8mlw59r79d9-nodejs-6.12.2/lib/node_modules
81 silly rollbackFailedOptional Starting
82 silly rollbackFailedOptional Finishing
83 silly runTopLevelLifecycles Finishing
84 silly install printInstalled
85 verbose stack Error: EACCES: permission denied, access '/nix/store/ma5cl8345g7ljwlmgpawh8mlw59r79d9-nodejs-6.12.2/lib/node_modules'
85 verbose stack     at Error (native)
86 verbose cwd /home/anpryl/.config/nvim/ftdetect
87 error Linux 4.14.12
88 error argv "/nix/store/ma5cl8345g7ljwlmgpawh8mlw59r79d9-nodejs-6.12.2/bin/node" "/run/current-system/sw/bin/npm" "install" "-g" "elm-oracle"
89 error node v6.12.2
90 error npm  v3.10.10
91 error path /nix/store/ma5cl8345g7ljwlmgpawh8mlw59r79d9-nodejs-6.12.2/lib/node_modules
92 error code EACCES
93 error errno -13
94 error syscall access
95 error Error: EACCES: permission denied, access '/nix/store/ma5cl8345g7ljwlmgpawh8mlw59r79d9-nodejs-6.12.2/lib/node_modules'
95 error     at Error (native)
95 error  { Error: EACCES: permission denied, access '/nix/store/ma5cl8345g7ljwlmgpawh8mlw59r79d9-nodejs-6.12.2/lib/node_modules'
95 error     at Error (native)
95 error   errno: -13,
95 error   code: 'EACCES',
95 error   syscall: 'access',
95 error   path: '/nix/store/ma5cl8345g7ljwlmgpawh8mlw59r79d9-nodejs-6.12.2/lib/node_modules' }
96 error Please try running this command again as root/Administrator.
97 verbose exit [ -13, true ]
